folioreader/build/outputs/logs/manifest-merger-debug-report.txt
-- Merging decision tree log ---
manifest
ADDED from Biblion\folioreader\AndroidManifest.xml:2:1-42:12
INJECTED from Biblion\folioreader\AndroidManifest.xml:2:1-42:12
INJECTED from Biblion\folioreader\AndroidManifest.xml:2:1-42:12
INJECTED from Biblion\folioreader\AndroidManifest.xml:2:1-42:12
INJECTED from Biblion\folioreader\AndroidManifest.xml:2:1-42:12
INJECTED from Biblion\folioreader\AndroidManifest.xml:2:1-42:12
INJECTED from Biblion\folioreader\AndroidManifest.xml:2:1-42:12
	package
		ADDED from Biblion\folioreader\AndroidManifest.xml:4:5-30
		INJECTED from Biblion\folioreader\AndroidManifest.xml
		INJECTED from Biblion\folioreader\AndroidManifest.xml
	android:versionName
		INJECTED from Biblion\folioreader\AndroidManifest.xml
		ADDED from Biblion\folioreader\AndroidManifest.xml:2:1-42:12
		INJECTED from Biblion\folioreader\AndroidManifest.xml
	xmlns:tools
		ADDED from Biblion\folioreader\AndroidManifest.xml:3:5-51
	android:versionCode
		INJECTED from Biblion\folioreader\AndroidManifest.xml
		ADDED from Biblion\folioreader\AndroidManifest.xml:2:1-42:12
		INJECTED from Biblion\folioreader\AndroidManifest.xml
	xmlns:android
		ADDED from Biblion\folioreader\AndroidManifest.xml:2:11-69
uses-permission#android.permission.WRITE_EXTERNAL_STORAGE
ADDED from Biblion\folioreader\AndroidManifest.xml:6:5-81
	android:name
		ADDED from Biblion\folioreader\AndroidManifest.xml:6:22-78
uses-permission#android.permission.INTERNET
ADDED from Biblion\folioreader\AndroidManifest.xml:7:5-67
	android:name
		ADDED from Biblion\folioreader\AndroidManifest.xml:7:22-64
uses-sdk
ADDED from Biblion\folioreader\AndroidManifest.xml:9:5-88
INJECTED from Biblion\folioreader\AndroidManifest.xml:9:5-88
INJECTED from Biblion\folioreader\AndroidManifest.xml:9:5-88
INJECTED from Biblion\folioreader\AndroidManifest.xml:9:5-88
INJECTED from Biblion\folioreader\AndroidManifest.xml:9:5-88
	tools:overrideLibrary
		ADDED from Biblion\folioreader\AndroidManifest.xml:9:15-85
	android:targetSdkVersion
		INJECTED from Biblion\folioreader\AndroidManifest.xml
		ADDED from Biblion\folioreader\AndroidManifest.xml:9:5-88
		INJECTED from Biblion\folioreader\AndroidManifest.xml
	android:minSdkVersion
		INJECTED from Biblion\folioreader\AndroidManifest.xml
		ADDED from Biblion\folioreader\AndroidManifest.xml:9:5-88
		INJECTED from Biblion\folioreader\AndroidManifest.xml
application
ADDED from Biblion\folioreader\AndroidManifest.xml:11:5-40:19
	android:allowBackup
		ADDED from Biblion\folioreader\AndroidManifest.xml:12:9-35
	tools:replace
		ADDED from Biblion\folioreader\AndroidManifest.xml:13:9-44
provider#com.folioreader.AppContext
ADDED from Biblion\folioreader\AndroidManifest.xml:15:9-18:40
	android:authorities
		ADDED from Biblion\folioreader\AndroidManifest.xml:17:13-67
	android:exported
		ADDED from Biblion\folioreader\AndroidManifest.xml:18:13-37
	android:name
		ADDED from Biblion\folioreader\AndroidManifest.xml:16:13-39
activity#com.folioreader.ui.folio.activity.FolioActivity
ADDED from Biblion\folioreader\AndroidManifest.xml:20:9-23:60
	android:label
		ADDED from Biblion\folioreader\AndroidManifest.xml:22:13-45
	android:theme
		ADDED from Biblion\folioreader\AndroidManifest.xml:23:13-57
	android:name
		ADDED from Biblion\folioreader\AndroidManifest.xml:21:13-60
activity#com.folioreader.ui.folio.activity.ContentHighlightActivity
ADDED from Biblion\folioreader\AndroidManifest.xml:25:9-27:59
	android:theme
		ADDED from Biblion\folioreader\AndroidManifest.xml:27:13-56
	android:name
		ADDED from Biblion\folioreader\AndroidManifest.xml:26:13-71
activity#com.folioreader.ui.folio.activity.SearchActivity
ADDED from Biblion\folioreader\AndroidManifest.xml:29:9-38:20
	android:launchMode
		ADDED from Biblion\folioreader\AndroidManifest.xml:31:13-43
	android:name
		ADDED from Biblion\folioreader\AndroidManifest.xml:30:13-61
intent-filter#action:name:android.intent.action.SEARCH
ADDED from Biblion\folioreader\AndroidManifest.xml:32:13-34:29
action#android.intent.action.SEARCH
ADDED from Biblion\folioreader\AndroidManifest.xml:33:17-71
	android:name
		ADDED from Biblion\folioreader\AndroidManifest.xml:33:25-68
meta-data#android.app.searchable
ADDED from Biblion\folioreader\AndroidManifest.xml:35:13-37:54
	android:resource
		ADDED from Biblion\folioreader\AndroidManifest.xml:37:17-51
	android:name
		ADDED from Biblion\folioreader\AndroidManifest.xml:36:17-54